Analysis & Elaboration report for transmitter
Mon Oct 17 04:38:15 2022
Quartus Prime Version 20.1.1 Build 720 11/11/2020 SJ Lite Edition


---------------------
; Table of Contents ;
---------------------
  1. Legal Notice
  2. Analysis & Elaboration Summary
  3. Parallel Compilation
  4. Parameter Settings for User Entity Instance: Top-level Entity: |sender_control
  5. Parameter Settings for User Entity Instance: sender:sdr
  6. Parameter Settings for User Entity Instance: sender_memory:smem
  7. Analysis & Elaboration Settings
  8. Analysis & Elaboration Messages
  9. Analysis & Elaboration Suppressed Messages



----------------
; Legal Notice ;
----------------
Copyright (C) 2020  Intel Corporation. All rights reserved.
Your use of Intel Corporation's design tools, logic functions 
and other software and tools, and any partner logic 
functions, and any output files from any of the foregoing 
(including device programming or simulation files), and any 
associated documentation or information are expressly subject 
to the terms and conditions of the Intel Program License 
Subscription Agreement, the Intel Quartus Prime License Agreement,
the Intel FPGA IP License Agreement, or other applicable license
agreement, including, without limitation, that your use is for
the sole purpose of programming logic devices manufactured by
Intel and sold by Intel or its authorized distributors.  Please
refer to the applicable agreement for further details, at
https://fpgasoftware.intel.com/eula.



+----------------------------------------------------------------------------------+
; Analysis & Elaboration Summary                                                   ;
+------------------------------------+---------------------------------------------+
; Analysis & Elaboration Status      ; Successful - Mon Oct 17 04:38:15 2022       ;
; Quartus Prime Version              ; 20.1.1 Build 720 11/11/2020 SJ Lite Edition ;
; Revision Name                      ; transmitter                                 ;
; Top-level Entity Name              ; sender_control                              ;
; Family                             ; Cyclone IV E                                ;
; Total logic elements               ; N/A until Partition Merge                   ;
;     Total combinational functions  ; N/A until Partition Merge                   ;
;     Dedicated logic registers      ; N/A until Partition Merge                   ;
; Total registers                    ; N/A until Partition Merge                   ;
; Total pins                         ; N/A until Partition Merge                   ;
; Total virtual pins                 ; N/A until Partition Merge                   ;
; Total memory bits                  ; N/A until Partition Merge                   ;
; Embedded Multiplier 9-bit elements ; N/A until Partition Merge                   ;
; Total PLLs                         ; N/A until Partition Merge                   ;
+------------------------------------+---------------------------------------------+


+------------------------------------------+
; Parallel Compilation                     ;
+----------------------------+-------------+
; Processors                 ; Number      ;
+----------------------------+-------------+
; Number detected on machine ; 8           ;
; Maximum allowed            ; 8           ;
;                            ;             ;
; Average used               ; 1.00        ;
; Maximum used               ; 1           ;
;                            ;             ;
; Usage by Processor         ; % Time Used ;
;     Processor 1            ; 100.0%      ;
+----------------------------+-------------+


+--------------------------------------------------------------------------------+
; Parameter Settings for User Entity Instance: Top-level Entity: |sender_control ;
+----------------+-------+-------------------------------------------------------+
; Parameter Name ; Value ; Type                                                  ;
+----------------+-------+-------------------------------------------------------+
; IDLE           ; 0000  ; Unsigned Binary                                       ;
; WRITE          ; 0001  ; Unsigned Binary                                       ;
; AFTER_WRITE    ; 0010  ; Unsigned Binary                                       ;
; READ           ; 0011  ; Unsigned Binary                                       ;
; TRANSMISSION   ; 0100  ; Unsigned Binary                                       ;
; TRANSMISSION_2 ; 0101  ; Unsigned Binary                                       ;
; TRANSMISSION_3 ; 0110  ; Unsigned Binary                                       ;
; WAIT_READY     ; 0111  ; Unsigned Binary                                       ;
; WAIT_READY_2   ; 1000  ; Unsigned Binary                                       ;
+----------------+-------+-------------------------------------------------------+
Note: In order to hide this table in the UI and the text report file, please set the "Show Parameter Settings in Synthesis Report" option in "Analysis and Synthesis Settings -> More Settings" to "Off".


+---------------------------------------------------------+
; Parameter Settings for User Entity Instance: sender:sdr ;
+-------------------+-------+-----------------------------+
; Parameter Name    ; Value ; Type                        ;
+-------------------+-------+-----------------------------+
; IDLE              ; 000   ; Unsigned Binary             ;
; TRANSMIT_SIGNAL   ; 001   ; Unsigned Binary             ;
; TRANSMIT_SIGNAL_2 ; 010   ; Unsigned Binary             ;
; REQUEST           ; 011   ; Unsigned Binary             ;
; ACKNOWLEDGE       ; 100   ; Unsigned Binary             ;
; NEXT_TRANSMISSION ; 101   ; Unsigned Binary             ;
+-------------------+-------+-----------------------------+
Note: In order to hide this table in the UI and the text report file, please set the "Show Parameter Settings in Synthesis Report" option in "Analysis and Synthesis Settings -> More Settings" to "Off".


+-----------------------------------------------------------------+
; Parameter Settings for User Entity Instance: sender_memory:smem ;
+----------------+-------+----------------------------------------+
; Parameter Name ; Value ; Type                                   ;
+----------------+-------+----------------------------------------+
; IDLE           ; 00    ; Unsigned Binary                        ;
; READ           ; 01    ; Unsigned Binary                        ;
; WRITE          ; 10    ; Unsigned Binary                        ;
+----------------+-------+----------------------------------------+
Note: In order to hide this table in the UI and the text report file, please set the "Show Parameter Settings in Synthesis Report" option in "Analysis and Synthesis Settings -> More Settings" to "Off".


+------------------------------------------------------------------------------------------------------------+
; Analysis & Elaboration Settings                                                                            ;
+------------------------------------------------------------------+--------------------+--------------------+
; Option                                                           ; Setting            ; Default Value      ;
+------------------------------------------------------------------+--------------------+--------------------+
; Top-level entity name                                            ; sender_control     ; transmitter        ;
; Family name                                                      ; Cyclone IV E       ; Cyclone V          ;
; Use smart compilation                                            ; Off                ; Off                ;
; Enable parallel Assembler and Timing Analyzer during compilation ; On                 ; On                 ;
; Enable compact report table                                      ; Off                ; Off                ;
; Restructure Multiplexers                                         ; Auto               ; Auto               ;
; Create Debugging Nodes for IP Cores                              ; Off                ; Off                ;
; Preserve fewer node names                                        ; On                 ; On                 ;
; Intel FPGA IP Evaluation Mode                                    ; Enable             ; Enable             ;
; Verilog Version                                                  ; Verilog_2001       ; Verilog_2001       ;
; VHDL Version                                                     ; VHDL_1993          ; VHDL_1993          ;
; State Machine Processing                                         ; Auto               ; Auto               ;
; Safe State Machine                                               ; Off                ; Off                ;
; Extract Verilog State Machines                                   ; On                 ; On                 ;
; Extract VHDL State Machines                                      ; On                 ; On                 ;
; Ignore Verilog initial constructs                                ; Off                ; Off                ;
; Iteration limit for constant Verilog loops                       ; 5000               ; 5000               ;
; Iteration limit for non-constant Verilog loops                   ; 250                ; 250                ;
; Add Pass-Through Logic to Inferred RAMs                          ; On                 ; On                 ;
; Infer RAMs from Raw Logic                                        ; On                 ; On                 ;
; Parallel Synthesis                                               ; On                 ; On                 ;
; DSP Block Balancing                                              ; Auto               ; Auto               ;
; NOT Gate Push-Back                                               ; On                 ; On                 ;
; Power-Up Don't Care                                              ; On                 ; On                 ;
; Remove Redundant Logic Cells                                     ; Off                ; Off                ;
; Remove Duplicate Registers                                       ; On                 ; On                 ;
; Ignore CARRY Buffers                                             ; Off                ; Off                ;
; Ignore CASCADE Buffers                                           ; Off                ; Off                ;
; Ignore GLOBAL Buffers                                            ; Off                ; Off                ;
; Ignore ROW GLOBAL Buffers                                        ; Off                ; Off                ;
; Ignore LCELL Buffers                                             ; Off                ; Off                ;
; Ignore SOFT Buffers                                              ; On                 ; On                 ;
; Limit AHDL Integers to 32 Bits                                   ; Off                ; Off                ;
; Optimization Technique                                           ; Balanced           ; Balanced           ;
; Carry Chain Length                                               ; 70                 ; 70                 ;
; Auto Carry Chains                                                ; On                 ; On                 ;
; Auto Open-Drain Pins                                             ; On                 ; On                 ;
; Perform WYSIWYG Primitive Resynthesis                            ; Off                ; Off                ;
; Auto ROM Replacement                                             ; On                 ; On                 ;
; Auto RAM Replacement                                             ; On                 ; On                 ;
; Auto DSP Block Replacement                                       ; On                 ; On                 ;
; Auto Shift Register Replacement                                  ; Auto               ; Auto               ;
; Allow Shift Register Merging across Hierarchies                  ; Auto               ; Auto               ;
; Auto Clock Enable Replacement                                    ; On                 ; On                 ;
; Strict RAM Replacement                                           ; Off                ; Off                ;
; Allow Synchronous Control Signals                                ; On                 ; On                 ;
; Force Use of Synchronous Clear Signals                           ; Off                ; Off                ;
; Auto RAM Block Balancing                                         ; On                 ; On                 ;
; Auto RAM to Logic Cell Conversion                                ; Off                ; Off                ;
; Auto Resource Sharing                                            ; Off                ; Off                ;
; Allow Any RAM Size For Recognition                               ; Off                ; Off                ;
; Allow Any ROM Size For Recognition                               ; Off                ; Off                ;
; Allow Any Shift Register Size For Recognition                    ; Off                ; Off                ;
; Use LogicLock Constraints during Resource Balancing              ; On                 ; On                 ;
; Ignore translate_off and synthesis_off directives                ; Off                ; Off                ;
; Timing-Driven Synthesis                                          ; On                 ; On                 ;
; Report Parameter Settings                                        ; On                 ; On                 ;
; Report Source Assignments                                        ; On                 ; On                 ;
; Report Connectivity Checks                                       ; On                 ; On                 ;
; Ignore Maximum Fan-Out Assignments                               ; Off                ; Off                ;
; Synchronization Register Chain Length                            ; 2                  ; 2                  ;
; Power Optimization During Synthesis                              ; Normal compilation ; Normal compilation ;
; HDL message level                                                ; Level2             ; Level2             ;
; Suppress Register Optimization Related Messages                  ; Off                ; Off                ;
; Number of Removed Registers Reported in Synthesis Report         ; 5000               ; 5000               ;
; Number of Swept Nodes Reported in Synthesis Report               ; 5000               ; 5000               ;
; Number of Inverted Registers Reported in Synthesis Report        ; 100                ; 100                ;
; Clock MUX Protection                                             ; On                 ; On                 ;
; Auto Gated Clock Conversion                                      ; Off                ; Off                ;
; Block Design Naming                                              ; Auto               ; Auto               ;
; SDC constraint protection                                        ; Off                ; Off                ;
; Synthesis Effort                                                 ; Auto               ; Auto               ;
; Shift Register Replacement - Allow Asynchronous Clear Signal     ; On                 ; On                 ;
; Pre-Mapping Resynthesis Optimization                             ; Off                ; Off                ;
; Analysis & Synthesis Message Level                               ; Medium             ; Medium             ;
; Disable Register Merging Across Hierarchies                      ; Auto               ; Auto               ;
; Resource Aware Inference For Block RAM                           ; On                 ; On                 ;
+------------------------------------------------------------------+--------------------+--------------------+


+---------------------------------+
; Analysis & Elaboration Messages ;
+---------------------------------+
Info: *******************************************************************
Info: Running Quartus Prime Analysis & Elaboration
    Info: Version 20.1.1 Build 720 11/11/2020 SJ Lite Edition
    Info: Processing started: Mon Oct 17 04:38:04 2022
Info: Command: quartus_map --read_settings_files=on --write_settings_files=off transmitter -c transmitter --analysis_and_elaboration
Warning (18236): Number of processors has not been specified which may cause overloading on shared machines.  Set the global assignment NUM_PARALLEL_PROCESSORS in your QSF to an appropriate value for best performance.
Info (20030): Parallel compilation is enabled and will use 8 of the 8 processors detected
Info (12021): Found 1 design units, including 1 entities, in source file sender_memory.v
    Info (12023): Found entity 1: sender_memory File: C:/Users/Leon/Desktop/universidade/PCID/projeto01/sender_memory.v Line: 1
Info (12021): Found 1 design units, including 1 entities, in source file sender_control.v
    Info (12023): Found entity 1: sender_control File: C:/Users/Leon/Desktop/universidade/PCID/projeto01/sender_control.v Line: 1
Info (12021): Found 1 design units, including 1 entities, in source file sender.v
    Info (12023): Found entity 1: sender File: C:/Users/Leon/Desktop/universidade/PCID/projeto01/sender.v Line: 1
Info (12127): Elaborating entity "sender_control" for the top level hierarchy
Warning (10230): Verilog HDL assignment warning at sender_control.v(49): truncated value with size 32 to match size of target (4) File: C:/Users/Leon/Desktop/universidade/PCID/projeto01/sender_control.v Line: 49
Warning (10230): Verilog HDL assignment warning at sender_control.v(59): truncated value with size 32 to match size of target (4) File: C:/Users/Leon/Desktop/universidade/PCID/projeto01/sender_control.v Line: 59
Warning (10235): Verilog HDL Always Construct warning at sender_control.v(63): variable "Address" is read inside the Always Construct but isn't in the Always Construct's Event Control File: C:/Users/Leon/Desktop/universidade/PCID/projeto01/sender_control.v Line: 63
Warning (10235): Verilog HDL Always Construct warning at sender_control.v(64): variable "sdrDataIn" is read inside the Always Construct but isn't in the Always Construct's Event Control File: C:/Users/Leon/Desktop/universidade/PCID/projeto01/sender_control.v Line: 64
Warning (10230): Verilog HDL assignment warning at sender_control.v(71): truncated value with size 32 to match size of target (4) File: C:/Users/Leon/Desktop/universidade/PCID/projeto01/sender_control.v Line: 71
Warning (10230): Verilog HDL assignment warning at sender_control.v(76): truncated value with size 32 to match size of target (4) File: C:/Users/Leon/Desktop/universidade/PCID/projeto01/sender_control.v Line: 76
Warning (10230): Verilog HDL assignment warning at sender_control.v(83): truncated value with size 32 to match size of target (4) File: C:/Users/Leon/Desktop/universidade/PCID/projeto01/sender_control.v Line: 83
Warning (10240): Verilog HDL Always Construct warning at sender_control.v(53): inferring latch(es) for variable "next_counter", which holds its previous value in one or more paths through the always construct File: C:/Users/Leon/Desktop/universidade/PCID/projeto01/sender_control.v Line: 53
Warning (10240): Verilog HDL Always Construct warning at sender_control.v(53): inferring latch(es) for variable "Transmit", which holds its previous value in one or more paths through the always construct File: C:/Users/Leon/Desktop/universidade/PCID/projeto01/sender_control.v Line: 53
Warning (10240): Verilog HDL Always Construct warning at sender_control.v(53): inferring latch(es) for variable "WriteEnable", which holds its previous value in one or more paths through the always construct File: C:/Users/Leon/Desktop/universidade/PCID/projeto01/sender_control.v Line: 53
Warning (10240): Verilog HDL Always Construct warning at sender_control.v(53): inferring latch(es) for variable "ReadEnable", which holds its previous value in one or more paths through the always construct File: C:/Users/Leon/Desktop/universidade/PCID/projeto01/sender_control.v Line: 53
Warning (10240): Verilog HDL Always Construct warning at sender_control.v(53): inferring latch(es) for variable "Address", which holds its previous value in one or more paths through the always construct File: C:/Users/Leon/Desktop/universidade/PCID/projeto01/sender_control.v Line: 53
Warning (10240): Verilog HDL Always Construct warning at sender_control.v(53): inferring latch(es) for variable "sdrDataIn", which holds its previous value in one or more paths through the always construct File: C:/Users/Leon/Desktop/universidade/PCID/projeto01/sender_control.v Line: 53
Warning (10240): Verilog HDL Always Construct warning at sender_control.v(53): inferring latch(es) for variable "memDataIn", which holds its previous value in one or more paths through the always construct File: C:/Users/Leon/Desktop/universidade/PCID/projeto01/sender_control.v Line: 53
Info (10041): Inferred latch for "memDataIn[0]" at sender_control.v(53) File: C:/Users/Leon/Desktop/universidade/PCID/projeto01/sender_control.v Line: 53
Info (10041): Inferred latch for "memDataIn[1]" at sender_control.v(53) File: C:/Users/Leon/Desktop/universidade/PCID/projeto01/sender_control.v Line: 53
Info (10041): Inferred latch for "memDataIn[2]" at sender_control.v(53) File: C:/Users/Leon/Desktop/universidade/PCID/projeto01/sender_control.v Line: 53
Info (10041): Inferred latch for "memDataIn[3]" at sender_control.v(53) File: C:/Users/Leon/Desktop/universidade/PCID/projeto01/sender_control.v Line: 53
Info (10041): Inferred latch for "memDataIn[4]" at sender_control.v(53) File: C:/Users/Leon/Desktop/universidade/PCID/projeto01/sender_control.v Line: 53
Info (10041): Inferred latch for "memDataIn[5]" at sender_control.v(53) File: C:/Users/Leon/Desktop/universidade/PCID/projeto01/sender_control.v Line: 53
Info (10041): Inferred latch for "memDataIn[6]" at sender_control.v(53) File: C:/Users/Leon/Desktop/universidade/PCID/projeto01/sender_control.v Line: 53
Info (10041): Inferred latch for "memDataIn[7]" at sender_control.v(53) File: C:/Users/Leon/Desktop/universidade/PCID/projeto01/sender_control.v Line: 53
Info (10041): Inferred latch for "memDataIn[8]" at sender_control.v(53) File: C:/Users/Leon/Desktop/universidade/PCID/projeto01/sender_control.v Line: 53
Info (10041): Inferred latch for "memDataIn[9]" at sender_control.v(53) File: C:/Users/Leon/Desktop/universidade/PCID/projeto01/sender_control.v Line: 53
Info (10041): Inferred latch for "memDataIn[10]" at sender_control.v(53) File: C:/Users/Leon/Desktop/universidade/PCID/projeto01/sender_control.v Line: 53
Info (10041): Inferred latch for "memDataIn[11]" at sender_control.v(53) File: C:/Users/Leon/Desktop/universidade/PCID/projeto01/sender_control.v Line: 53
Info (10041): Inferred latch for "memDataIn[12]" at sender_control.v(53) File: C:/Users/Leon/Desktop/universidade/PCID/projeto01/sender_control.v Line: 53
Info (10041): Inferred latch for "memDataIn[13]" at sender_control.v(53) File: C:/Users/Leon/Desktop/universidade/PCID/projeto01/sender_control.v Line: 53
Info (10041): Inferred latch for "memDataIn[14]" at sender_control.v(53) File: C:/Users/Leon/Desktop/universidade/PCID/projeto01/sender_control.v Line: 53
Info (10041): Inferred latch for "memDataIn[15]" at sender_control.v(53) File: C:/Users/Leon/Desktop/universidade/PCID/projeto01/sender_control.v Line: 53
Info (10041): Inferred latch for "sdrDataIn[0]" at sender_control.v(53) File: C:/Users/Leon/Desktop/universidade/PCID/projeto01/sender_control.v Line: 53
Info (10041): Inferred latch for "sdrDataIn[1]" at sender_control.v(53) File: C:/Users/Leon/Desktop/universidade/PCID/projeto01/sender_control.v Line: 53
Info (10041): Inferred latch for "sdrDataIn[2]" at sender_control.v(53) File: C:/Users/Leon/Desktop/universidade/PCID/projeto01/sender_control.v Line: 53
Info (10041): Inferred latch for "sdrDataIn[3]" at sender_control.v(53) File: C:/Users/Leon/Desktop/universidade/PCID/projeto01/sender_control.v Line: 53
Info (10041): Inferred latch for "sdrDataIn[4]" at sender_control.v(53) File: C:/Users/Leon/Desktop/universidade/PCID/projeto01/sender_control.v Line: 53
Info (10041): Inferred latch for "sdrDataIn[5]" at sender_control.v(53) File: C:/Users/Leon/Desktop/universidade/PCID/projeto01/sender_control.v Line: 53
Info (10041): Inferred latch for "sdrDataIn[6]" at sender_control.v(53) File: C:/Users/Leon/Desktop/universidade/PCID/projeto01/sender_control.v Line: 53
Info (10041): Inferred latch for "sdrDataIn[7]" at sender_control.v(53) File: C:/Users/Leon/Desktop/universidade/PCID/projeto01/sender_control.v Line: 53
Info (10041): Inferred latch for "sdrDataIn[8]" at sender_control.v(53) File: C:/Users/Leon/Desktop/universidade/PCID/projeto01/sender_control.v Line: 53
Info (10041): Inferred latch for "sdrDataIn[9]" at sender_control.v(53) File: C:/Users/Leon/Desktop/universidade/PCID/projeto01/sender_control.v Line: 53
Info (10041): Inferred latch for "sdrDataIn[10]" at sender_control.v(53) File: C:/Users/Leon/Desktop/universidade/PCID/projeto01/sender_control.v Line: 53
Info (10041): Inferred latch for "sdrDataIn[11]" at sender_control.v(53) File: C:/Users/Leon/Desktop/universidade/PCID/projeto01/sender_control.v Line: 53
Info (10041): Inferred latch for "sdrDataIn[12]" at sender_control.v(53) File: C:/Users/Leon/Desktop/universidade/PCID/projeto01/sender_control.v Line: 53
Info (10041): Inferred latch for "sdrDataIn[13]" at sender_control.v(53) File: C:/Users/Leon/Desktop/universidade/PCID/projeto01/sender_control.v Line: 53
Info (10041): Inferred latch for "sdrDataIn[14]" at sender_control.v(53) File: C:/Users/Leon/Desktop/universidade/PCID/projeto01/sender_control.v Line: 53
Info (10041): Inferred latch for "sdrDataIn[15]" at sender_control.v(53) File: C:/Users/Leon/Desktop/universidade/PCID/projeto01/sender_control.v Line: 53
Info (10041): Inferred latch for "Address[0]" at sender_control.v(53) File: C:/Users/Leon/Desktop/universidade/PCID/projeto01/sender_control.v Line: 53
Info (10041): Inferred latch for "Address[1]" at sender_control.v(53) File: C:/Users/Leon/Desktop/universidade/PCID/projeto01/sender_control.v Line: 53
Info (10041): Inferred latch for "Address[2]" at sender_control.v(53) File: C:/Users/Leon/Desktop/universidade/PCID/projeto01/sender_control.v Line: 53
Info (10041): Inferred latch for "Address[3]" at sender_control.v(53) File: C:/Users/Leon/Desktop/universidade/PCID/projeto01/sender_control.v Line: 53
Info (10041): Inferred latch for "ReadEnable" at sender_control.v(53) File: C:/Users/Leon/Desktop/universidade/PCID/projeto01/sender_control.v Line: 53
Info (10041): Inferred latch for "WriteEnable" at sender_control.v(53) File: C:/Users/Leon/Desktop/universidade/PCID/projeto01/sender_control.v Line: 53
Info (10041): Inferred latch for "Transmit" at sender_control.v(53) File: C:/Users/Leon/Desktop/universidade/PCID/projeto01/sender_control.v Line: 53
Info (10041): Inferred latch for "next_counter[0]" at sender_control.v(53) File: C:/Users/Leon/Desktop/universidade/PCID/projeto01/sender_control.v Line: 53
Info (10041): Inferred latch for "next_counter[1]" at sender_control.v(53) File: C:/Users/Leon/Desktop/universidade/PCID/projeto01/sender_control.v Line: 53
Info (10041): Inferred latch for "next_counter[2]" at sender_control.v(53) File: C:/Users/Leon/Desktop/universidade/PCID/projeto01/sender_control.v Line: 53
Info (10041): Inferred latch for "next_counter[3]" at sender_control.v(53) File: C:/Users/Leon/Desktop/universidade/PCID/projeto01/sender_control.v Line: 53
Info (12128): Elaborating entity "sender" for hierarchy "sender:sdr" File: C:/Users/Leon/Desktop/universidade/PCID/projeto01/sender_control.v Line: 44
Warning (10230): Verilog HDL assignment warning at sender.v(26): truncated value with size 32 to match size of target (4) File: C:/Users/Leon/Desktop/universidade/PCID/projeto01/sender.v Line: 26
Warning (10230): Verilog HDL assignment warning at sender.v(58): truncated value with size 32 to match size of target (1) File: C:/Users/Leon/Desktop/universidade/PCID/projeto01/sender.v Line: 58
Warning (10230): Verilog HDL assignment warning at sender.v(59): truncated value with size 32 to match size of target (4) File: C:/Users/Leon/Desktop/universidade/PCID/projeto01/sender.v Line: 59
Warning (10240): Verilog HDL Always Construct warning at sender.v(29): inferring latch(es) for variable "next_counter", which holds its previous value in one or more paths through the always construct File: C:/Users/Leon/Desktop/universidade/PCID/projeto01/sender.v Line: 29
Warning (10240): Verilog HDL Always Construct warning at sender.v(29): inferring latch(es) for variable "Ready", which holds its previous value in one or more paths through the always construct File: C:/Users/Leon/Desktop/universidade/PCID/projeto01/sender.v Line: 29
Warning (10240): Verilog HDL Always Construct warning at sender.v(29): inferring latch(es) for variable "Request", which holds its previous value in one or more paths through the always construct File: C:/Users/Leon/Desktop/universidade/PCID/projeto01/sender.v Line: 29
Warning (10240): Verilog HDL Always Construct warning at sender.v(29): inferring latch(es) for variable "DataOut", which holds its previous value in one or more paths through the always construct File: C:/Users/Leon/Desktop/universidade/PCID/projeto01/sender.v Line: 29
Info (10041): Inferred latch for "DataOut[0]" at sender.v(29) File: C:/Users/Leon/Desktop/universidade/PCID/projeto01/sender.v Line: 29
Info (10041): Inferred latch for "DataOut[1]" at sender.v(29) File: C:/Users/Leon/Desktop/universidade/PCID/projeto01/sender.v Line: 29
Info (10041): Inferred latch for "DataOut[2]" at sender.v(29) File: C:/Users/Leon/Desktop/universidade/PCID/projeto01/sender.v Line: 29
Info (10041): Inferred latch for "DataOut[3]" at sender.v(29) File: C:/Users/Leon/Desktop/universidade/PCID/projeto01/sender.v Line: 29
Info (10041): Inferred latch for "DataOut[4]" at sender.v(29) File: C:/Users/Leon/Desktop/universidade/PCID/projeto01/sender.v Line: 29
Info (10041): Inferred latch for "DataOut[5]" at sender.v(29) File: C:/Users/Leon/Desktop/universidade/PCID/projeto01/sender.v Line: 29
Info (10041): Inferred latch for "DataOut[6]" at sender.v(29) File: C:/Users/Leon/Desktop/universidade/PCID/projeto01/sender.v Line: 29
Info (10041): Inferred latch for "DataOut[7]" at sender.v(29) File: C:/Users/Leon/Desktop/universidade/PCID/projeto01/sender.v Line: 29
Info (10041): Inferred latch for "DataOut[8]" at sender.v(29) File: C:/Users/Leon/Desktop/universidade/PCID/projeto01/sender.v Line: 29
Info (10041): Inferred latch for "DataOut[9]" at sender.v(29) File: C:/Users/Leon/Desktop/universidade/PCID/projeto01/sender.v Line: 29
Info (10041): Inferred latch for "DataOut[10]" at sender.v(29) File: C:/Users/Leon/Desktop/universidade/PCID/projeto01/sender.v Line: 29
Info (10041): Inferred latch for "DataOut[11]" at sender.v(29) File: C:/Users/Leon/Desktop/universidade/PCID/projeto01/sender.v Line: 29
Info (10041): Inferred latch for "DataOut[12]" at sender.v(29) File: C:/Users/Leon/Desktop/universidade/PCID/projeto01/sender.v Line: 29
Info (10041): Inferred latch for "DataOut[13]" at sender.v(29) File: C:/Users/Leon/Desktop/universidade/PCID/projeto01/sender.v Line: 29
Info (10041): Inferred latch for "DataOut[14]" at sender.v(29) File: C:/Users/Leon/Desktop/universidade/PCID/projeto01/sender.v Line: 29
Info (10041): Inferred latch for "DataOut[15]" at sender.v(29) File: C:/Users/Leon/Desktop/universidade/PCID/projeto01/sender.v Line: 29
Info (10041): Inferred latch for "Request" at sender.v(29) File: C:/Users/Leon/Desktop/universidade/PCID/projeto01/sender.v Line: 29
Info (10041): Inferred latch for "Ready" at sender.v(29) File: C:/Users/Leon/Desktop/universidade/PCID/projeto01/sender.v Line: 29
Info (10041): Inferred latch for "next_counter[0]" at sender.v(29) File: C:/Users/Leon/Desktop/universidade/PCID/projeto01/sender.v Line: 29
Info (10041): Inferred latch for "next_counter[1]" at sender.v(29) File: C:/Users/Leon/Desktop/universidade/PCID/projeto01/sender.v Line: 29
Info (10041): Inferred latch for "next_counter[2]" at sender.v(29) File: C:/Users/Leon/Desktop/universidade/PCID/projeto01/sender.v Line: 29
Info (10041): Inferred latch for "next_counter[3]" at sender.v(29) File: C:/Users/Leon/Desktop/universidade/PCID/projeto01/sender.v Line: 29
Info (12128): Elaborating entity "sender_memory" for hierarchy "sender_memory:smem" File: C:/Users/Leon/Desktop/universidade/PCID/projeto01/sender_control.v Line: 45
Warning (10240): Verilog HDL Always Construct warning at sender_memory.v(24): inferring latch(es) for variable "DataOut", which holds its previous value in one or more paths through the always construct File: C:/Users/Leon/Desktop/universidade/PCID/projeto01/sender_memory.v Line: 24
Info (10041): Inferred latch for "DataOut[0]" at sender_memory.v(24) File: C:/Users/Leon/Desktop/universidade/PCID/projeto01/sender_memory.v Line: 24
Info (10041): Inferred latch for "DataOut[1]" at sender_memory.v(24) File: C:/Users/Leon/Desktop/universidade/PCID/projeto01/sender_memory.v Line: 24
Info (10041): Inferred latch for "DataOut[2]" at sender_memory.v(24) File: C:/Users/Leon/Desktop/universidade/PCID/projeto01/sender_memory.v Line: 24
Info (10041): Inferred latch for "DataOut[3]" at sender_memory.v(24) File: C:/Users/Leon/Desktop/universidade/PCID/projeto01/sender_memory.v Line: 24
Info (10041): Inferred latch for "DataOut[4]" at sender_memory.v(24) File: C:/Users/Leon/Desktop/universidade/PCID/projeto01/sender_memory.v Line: 24
Info (10041): Inferred latch for "DataOut[5]" at sender_memory.v(24) File: C:/Users/Leon/Desktop/universidade/PCID/projeto01/sender_memory.v Line: 24
Info (10041): Inferred latch for "DataOut[6]" at sender_memory.v(24) File: C:/Users/Leon/Desktop/universidade/PCID/projeto01/sender_memory.v Line: 24
Info (10041): Inferred latch for "DataOut[7]" at sender_memory.v(24) File: C:/Users/Leon/Desktop/universidade/PCID/projeto01/sender_memory.v Line: 24
Info (10041): Inferred latch for "DataOut[8]" at sender_memory.v(24) File: C:/Users/Leon/Desktop/universidade/PCID/projeto01/sender_memory.v Line: 24
Info (10041): Inferred latch for "DataOut[9]" at sender_memory.v(24) File: C:/Users/Leon/Desktop/universidade/PCID/projeto01/sender_memory.v Line: 24
Info (10041): Inferred latch for "DataOut[10]" at sender_memory.v(24) File: C:/Users/Leon/Desktop/universidade/PCID/projeto01/sender_memory.v Line: 24
Info (10041): Inferred latch for "DataOut[11]" at sender_memory.v(24) File: C:/Users/Leon/Desktop/universidade/PCID/projeto01/sender_memory.v Line: 24
Info (10041): Inferred latch for "DataOut[12]" at sender_memory.v(24) File: C:/Users/Leon/Desktop/universidade/PCID/projeto01/sender_memory.v Line: 24
Info (10041): Inferred latch for "DataOut[13]" at sender_memory.v(24) File: C:/Users/Leon/Desktop/universidade/PCID/projeto01/sender_memory.v Line: 24
Info (10041): Inferred latch for "DataOut[14]" at sender_memory.v(24) File: C:/Users/Leon/Desktop/universidade/PCID/projeto01/sender_memory.v Line: 24
Info (10041): Inferred latch for "DataOut[15]" at sender_memory.v(24) File: C:/Users/Leon/Desktop/universidade/PCID/projeto01/sender_memory.v Line: 24
Info (144001): Generated suppressed messages file C:/Users/Leon/Desktop/universidade/PCID/projeto01/output_files/transmitter.map.smsg
Info: Quartus Prime Analysis & Elaboration was successful. 0 errors, 23 warnings
    Info: Peak virtual memory: 4704 megabytes
    Info: Processing ended: Mon Oct 17 04:38:15 2022
    Info: Elapsed time: 00:00:11
    Info: Total CPU time (on all processors): 00:00:27


+--------------------------------------------+
; Analysis & Elaboration Suppressed Messages ;
+--------------------------------------------+
The suppressed messages can be found in C:/Users/Leon/Desktop/universidade/PCID/projeto01/output_files/transmitter.map.smsg.


